<?xml version="1.0" encoding="UTF-8" ?>
<testsuite tests="1" failures="1" name="com.grusade.mson.MSONProcessorTest" time="0.069" errors="0" skipped="0">
  <properties>
    <property name="java.runtime.name" value="Java(TM) SE Runtime Environment"/>
    <property name="sun.boot.library.path" value="/Library/Java/JavaVirtualMachines/jdk1.8.0_66.jdk/Contents/Home/jre/lib"/>
    <property name="java.vm.version" value="25.66-b17"/>
    <property name="user.country.format" value="IN"/>
    <property name="gopherProxySet" value="false"/>
    <property name="java.vm.vendor" value="Oracle Corporation"/>
    <property name="maven.multiModuleProjectDirectory" value="/Users/anamika/Documents/workspace/markdown/mson-parser"/>
    <property name="java.vendor.url" value="http://java.oracle.com/"/>
    <property name="path.separator" value=":"/>
    <property name="guice.disable.misplaced.annotation.check" value="true"/>
    <property name="java.vm.name" value="Java HotSpot(TM) 64-Bit Server VM"/>
    <property name="file.encoding.pkg" value="sun.io"/>
    <property name="user.country" value="US"/>
    <property name="sun.java.launcher" value="SUN_STANDARD"/>
    <property name="sun.os.patch.level" value="unknown"/>
    <property name="java.vm.specification.name" value="Java Virtual Machine Specification"/>
    <property name="user.dir" value="/Users/anamika/Documents/workspace/markdown/mson-parser"/>
    <property name="java.runtime.version" value="1.8.0_66-b17"/>
    <property name="java.awt.graphicsenv" value="sun.awt.CGraphicsEnvironment"/>
    <property name="java.endorsed.dirs" value="/Library/Java/JavaVirtualMachines/jdk1.8.0_66.jdk/Contents/Home/jre/lib/endorsed"/>
    <property name="os.arch" value="x86_64"/>
    <property name="java.io.tmpdir" value="/var/folders/63/djz8ytvx3ggb1151p1n7cw2w0000gn/T/"/>
    <property name="line.separator" value="
"/>
    <property name="java.vm.specification.vendor" value="Oracle Corporation"/>
    <property name="os.name" value="Mac OS X"/>
    <property name="classworlds.conf" value="/Users/anamika/Documents/workspace/markdown/.metadata/.plugins/org.eclipse.m2e.launching/launches/m2conf7352290977940255384.tmp"/>
    <property name="sun.jnu.encoding" value="UTF-8"/>
    <property name="java.library.path" value="/Users/anamika/Library/Java/Extensions:/Library/Java/Extensions:/Network/Library/Java/Extensions:/System/Library/Java/Extensions:/usr/lib/java:."/>
    <property name="java.specification.name" value="Java Platform API Specification"/>
    <property name="java.class.version" value="52.0"/>
    <property name="sun.management.compiler" value="HotSpot 64-Bit Tiered Compilers"/>
    <property name="os.version" value="10.11.2"/>
    <property name="http.nonProxyHosts" value="local|*.local|169.254/16|*.169.254/16"/>
    <property name="user.home" value="/Users/anamika"/>
    <property name="user.timezone" value="Asia/Kolkata"/>
    <property name="java.awt.printerjob" value="sun.lwawt.macosx.CPrinterJob"/>
    <property name="java.specification.version" value="1.8"/>
    <property name="file.encoding" value="UTF-8"/>
    <property name="user.name" value="anamika"/>
    <property name="java.class.path" value="/opt/homebrew-cask/Caskroom/eclipse-ide/4.5.1/Eclipse.app/Contents/Eclipse/plugins/org.eclipse.m2e.maven.runtime_1.6.2.20150902-0001/jars/plexus-classworlds-2.5.2.jar"/>
    <property name="java.vm.specification.version" value="1.8"/>
    <property name="sun.arch.data.model" value="64"/>
    <property name="java.home" value="/Library/Java/JavaVirtualMachines/jdk1.8.0_66.jdk/Contents/Home/jre"/>
    <property name="sun.java.command" value="org.codehaus.plexus.classworlds.launcher.Launcher -B install"/>
    <property name="java.specification.vendor" value="Oracle Corporation"/>
    <property name="user.language" value="en"/>
    <property name="awt.toolkit" value="sun.lwawt.macosx.LWCToolkit"/>
    <property name="java.vm.info" value="mixed mode"/>
    <property name="java.version" value="1.8.0_66"/>
    <property name="java.ext.dirs" value="/Users/anamika/Library/Java/Extensions:/Library/Java/JavaVirtualMachines/jdk1.8.0_66.jdk/Contents/Home/jre/lib/ext:/Library/Java/Extensions:/Network/Library/Java/Extensions:/System/Library/Java/Extensions:/usr/lib/java"/>
    <property name="sun.boot.class.path" value="/Library/Java/JavaVirtualMachines/jdk1.8.0_66.jdk/Contents/Home/jre/lib/resources.jar:/Library/Java/JavaVirtualMachines/jdk1.8.0_66.jdk/Contents/Home/jre/lib/rt.jar:/Library/Java/JavaVirtualMachines/jdk1.8.0_66.jdk/Contents/Home/jre/lib/sunrsasign.jar:/Library/Java/JavaVirtualMachines/jdk1.8.0_66.jdk/Contents/Home/jre/lib/jsse.jar:/Library/Java/JavaVirtualMachines/jdk1.8.0_66.jdk/Contents/Home/jre/lib/jce.jar:/Library/Java/JavaVirtualMachines/jdk1.8.0_66.jdk/Contents/Home/jre/lib/charsets.jar:/Library/Java/JavaVirtualMachines/jdk1.8.0_66.jdk/Contents/Home/jre/lib/jfr.jar:/Library/Java/JavaVirtualMachines/jdk1.8.0_66.jdk/Contents/Home/jre/classes"/>
    <property name="java.vendor" value="Oracle Corporation"/>
    <property name="maven.home" value="/Users/anamika/Documents/workspace/markdown/mson-parser/EMBEDDED"/>
    <property name="file.separator" value="/"/>
    <property name="java.vendor.url.bug" value="http://bugreport.sun.com/bugreport/"/>
    <property name="sun.cpu.endian" value="little"/>
    <property name="sun.io.unicode.encoding" value="UnicodeBig"/>
    <property name="socksNonProxyHosts" value="local|*.local|169.254/16|*.169.254/16"/>
    <property name="ftp.nonProxyHosts" value="local|*.local|169.254/16|*.169.254/16"/>
    <property name="sun.cpu.isalist" value=""/>
  </properties>
  <testcase classname="com.grusade.mson.MSONProcessorTest" name="sample" time="0.069">
    <failure message="expected:&lt;{
    &quot;$schema&quot;: &quot;http://json-schema.org/draft-04/schema#&quot;,
    &quot;title&quot;: &quot;Product&quot;,
    &quot;description&quot;: &quot;A product from Acme&apos;s catalog&quot;,
    &quot;type&quot;: &quot;object&quot;,
    &quot;properties&quot;: {
        &quot;id&quot;: {
            &quot;description&quot;: &quot;The unique identifier for a product&quot;,
            &quot;type&quot;: &quot;number&quot;
        },
        &quot;name&quot;: {
            &quot;description&quot;: &quot;Name of the product&quot;,
            &quot;type&quot;: &quot;string&quot;
        },
        &quot;price&quot;: {
            &quot;type&quot;: &quot;number&quot;
        },
        &quot;tags&quot;: {
            &quot;type&quot;: &quot;array&quot;,
            &quot;items&quot;: {
                &quot;type&quot;: &quot;string&quot;
            }
        }
    },
    &quot;required&quot;: [&quot;id&quot;, &quot;name&quot;, &quot;price&quot;]
}&gt; but was:&lt;&quot;h1&quot;: {&quot;Product&quot;}
&quot;p&quot;: {&quot;A product from Acme&apos;s catalog&quot;}
&quot;h2&quot;: {&quot;Properties&quot;}
[&quot;id: 1 (number, required) - The unique identifier for a product&quot;&quot;name: A green door (string, required) - Name of the product&quot;&quot;price: 12.50 (number, required)&quot;&quot;tags: home, green (array&quot;[&quot;string&quot;]&quot;)&quot;
]&gt;" type="junit.framework.ComparisonFailure">junit.framework.ComparisonFailure: expected:&lt;{
    &quot;$schema&quot;: &quot;http://json-schema.org/draft-04/schema#&quot;,
    &quot;title&quot;: &quot;Product&quot;,
    &quot;description&quot;: &quot;A product from Acme&apos;s catalog&quot;,
    &quot;type&quot;: &quot;object&quot;,
    &quot;properties&quot;: {
        &quot;id&quot;: {
            &quot;description&quot;: &quot;The unique identifier for a product&quot;,
            &quot;type&quot;: &quot;number&quot;
        },
        &quot;name&quot;: {
            &quot;description&quot;: &quot;Name of the product&quot;,
            &quot;type&quot;: &quot;string&quot;
        },
        &quot;price&quot;: {
            &quot;type&quot;: &quot;number&quot;
        },
        &quot;tags&quot;: {
            &quot;type&quot;: &quot;array&quot;,
            &quot;items&quot;: {
                &quot;type&quot;: &quot;string&quot;
            }
        }
    },
    &quot;required&quot;: [&quot;id&quot;, &quot;name&quot;, &quot;price&quot;]
}&gt; but was:&lt;&quot;h1&quot;: {&quot;Product&quot;}
&quot;p&quot;: {&quot;A product from Acme&apos;s catalog&quot;}
&quot;h2&quot;: {&quot;Properties&quot;}
[&quot;id: 1 (number, required) - The unique identifier for a product&quot;&quot;name: A green door (string, required) - Name of the product&quot;&quot;price: 12.50 (number, required)&quot;&quot;tags: home, green (array&quot;[&quot;string&quot;]&quot;)&quot;
]&gt;
	at junit.framework.Assert.assertEquals(Assert.java:81)
	at junit.framework.Assert.assertEquals(Assert.java:87)
	at com.grusade.mson.MSONProcessorTest.testProcessor(MSONProcessorTest.java:82)
	at com.grusade.mson.MSONProcessorTest.runTest(MSONProcessorTest.java:88)
	at junit.framework.TestCase.runBare(TestCase.java:127)
	at junit.framework.TestResult$1.protect(TestResult.java:106)
	at junit.framework.TestResult.runProtected(TestResult.java:124)
	at junit.framework.TestResult.run(TestResult.java:109)
	at junit.framework.TestCase.run(TestCase.java:118)
	at junit.framework.TestSuite.runTest(TestSuite.java:208)
	at junit.framework.TestSuite.run(TestSuite.java:203)
	at sun.reflect.NativeMethodAccessorImpl.invoke0(Native Method)
	at sun.reflect.NativeMethodAccessorImpl.invoke(NativeMethodAccessorImpl.java:62)
	at sun.reflect.DelegatingMethodAccessorImpl.invoke(DelegatingMethodAccessorImpl.java:43)
	at java.lang.reflect.Method.invoke(Method.java:497)
	at org.apache.maven.surefire.junit.JUnitTestSet.execute(JUnitTestSet.java:95)
	at org.apache.maven.surefire.junit.JUnit3Provider.executeTestSet(JUnit3Provider.java:121)
	at org.apache.maven.surefire.junit.JUnit3Provider.invoke(JUnit3Provider.java:98)
	at sun.reflect.NativeMethodAccessorImpl.invoke0(Native Method)
	at sun.reflect.NativeMethodAccessorImpl.invoke(NativeMethodAccessorImpl.java:62)
	at sun.reflect.DelegatingMethodAccessorImpl.invoke(DelegatingMethodAccessorImpl.java:43)
	at java.lang.reflect.Method.invoke(Method.java:497)
	at org.apache.maven.surefire.util.ReflectionUtils.invokeMethodWithArray(ReflectionUtils.java:189)
	at org.apache.maven.surefire.booter.ProviderFactory$ProviderProxy.invoke(ProviderFactory.java:165)
	at org.apache.maven.surefire.booter.ProviderFactory.invokeProvider(ProviderFactory.java:85)
	at org.apache.maven.surefire.booter.ForkedBooter.runSuitesInProcess(ForkedBooter.java:115)
	at org.apache.maven.surefire.booter.ForkedBooter.main(ForkedBooter.java:75)
</failure>
    <system-out>/Users/anamika/Documents/workspace/markdown/mson-parser/src/test/resources/sample.md
sample
</system-out>
  </testcase>
</testsuite>